C51 COMPILER V8.05a   1                                                                    02/27/2009 20:23:41 PAGE 1   


C51 COMPILER V8.05a, COMPILATION OF MODULE 1
OBJECT MODULE PLACED IN 1.OBJ
COMPILER INVOKED BY: D:\Keil\C51\BIN\C51.EXE 1.c BROWSE DEBUG OBJECTEXTEND

line level    source

   1          #include<reg52.h>
   2          #define uchar unsigned char
   3          #define uint unsigned int
   4          //sbit P20=P3^6;
   5          //sbit P21=P3^7;
   6          sbit P10=P1^0;
   7          sbit P11=P1^1;
   8          sbit P12=P1^2;
   9          sbit P13=P1^3;
  10          void main()
  11          {
  12   1       while(1)
  13   1      {
  14   2         // P20=1;
  15   2        //P21=1;
  16   2              P10=1;
  17   2              P11=0; 
  18   2              P12=0;
  19   2              P13=1;  
  20   2              }       
  21   1      }


MODULE INFORMATION:   STATIC OVERLAYABLE
   CODE SIZE        =     10    ----
   CONSTANT SIZE    =   ----    ----
   XDATA SIZE       =   ----    ----
   PDATA SIZE       =   ----    ----
   DATA SIZE        =   ----    ----
   IDATA SIZE       =   ----    ----
   BIT SIZE         =   ----    ----
END OF MODULE INFORMATION.


C51 COMPILATION COMPLETE.  0 WARNING(S),  0 ERROR(S)
